TN:
SF:src/index.ts
FNF:0
FNH:0
DA:1,1
DA:2,1
DA:3,1
DA:4,1
DA:5,1
DA:6,1
DA:7,1
DA:8,1
DA:9,1
DA:10,1
DA:11,1
DA:12,1
DA:13,1
DA:14,1
DA:15,1
DA:16,1
DA:17,1
DA:18,1
DA:19,1
DA:20,1
DA:21,1
LF:21
LH:21
BRDA:17,0,0,0
BRDA:19,1,0,1
BRF:2
BRH:1
end_of_record
TN:
SF:src/db/mongoose.ts
FNF:0
FNH:0
DA:1,1
DA:2,1
DA:3,1
DA:4,1
DA:5,1
DA:6,1
DA:7,1
DA:8,0
DA:9,0
LF:9
LH:7
BRDA:7,0,0,0
BRF:1
BRH:0
end_of_record
TN:
SF:src/models/customer.ts
FN:17,validate
FN:28,validate
FN:48,validate
FN:59,validate
FNF:4
FNH:4
FNDA:66,validate
FNDA:59,validate
FNDA:57,validate
FNDA:65,validate
DA:1,1
DA:2,1
DA:3,1
DA:4,1
DA:5,1
DA:6,1
DA:7,1
DA:8,1
DA:9,1
DA:10,1
DA:11,1
DA:12,1
DA:13,1
DA:14,1
DA:15,1
DA:16,1
DA:17,1
DA:18,66
DA:19,3
DA:20,3
DA:21,1
DA:22,1
DA:23,1
DA:24,1
DA:25,1
DA:26,1
DA:27,1
DA:28,1
DA:29,59
DA:30,1
DA:31,59
DA:32,0
DA:33,58
DA:34,0
DA:35,0
DA:36,59
DA:37,59
DA:38,1
DA:39,1
DA:40,1
DA:41,1
DA:42,1
DA:43,1
DA:44,1
DA:45,1
DA:46,1
DA:47,1
DA:48,1
DA:49,57
DA:50,3
DA:51,3
DA:52,57
DA:53,1
DA:54,1
DA:55,1
DA:56,1
DA:57,1
DA:58,1
DA:59,1
DA:60,65
DA:61,0
DA:62,0
DA:63,65
DA:64,1
DA:65,1
DA:66,1
DA:67,1
LF:67
LH:62
BRDA:17,0,0,66
BRDA:18,1,0,3
BRDA:28,2,0,59
BRDA:29,3,0,1
BRDA:31,4,0,58
BRDA:31,5,0,0
BRDA:33,6,0,0
BRDA:48,7,0,57
BRDA:49,8,0,3
BRDA:59,9,0,65
BRDA:60,10,0,0
BRF:11
BRH:8
end_of_record
TN:
SF:src/models/furniture.ts
FN:25,validate
FNF:1
FNH:1
FNDA:43,validate
DA:1,1
DA:2,1
DA:3,1
DA:4,1
DA:5,1
DA:6,1
DA:7,1
DA:8,1
DA:9,1
DA:10,1
DA:11,1
DA:12,1
DA:13,1
DA:14,1
DA:15,1
DA:16,1
DA:17,1
DA:18,1
DA:19,1
DA:20,1
DA:21,1
DA:22,1
DA:23,1
DA:24,1
DA:25,1
DA:26,43
DA:27,1
DA:28,1
DA:29,1
DA:30,1
DA:31,1
DA:32,1
DA:33,1
DA:34,1
DA:35,1
DA:36,1
DA:37,1
DA:38,1
DA:39,1
DA:40,1
DA:41,1
DA:42,1
DA:43,1
DA:44,1
DA:45,1
DA:46,1
DA:47,1
DA:48,1
DA:49,1
DA:50,1
DA:51,1
DA:52,1
DA:53,1
DA:54,1
DA:55,1
DA:56,1
DA:57,1
DA:58,1
LF:58
LH:58
BRDA:25,0,0,43
BRDA:26,1,0,1
BRF:2
BRH:2
end_of_record
TN:
SF:src/models/provider.ts
FN:17,validate
FN:28,validate
FN:47,validate
FN:58,validate
FNF:4
FNH:4
FNDA:61,validate
FNDA:54,validate
FNDA:51,validate
FNDA:58,validate
DA:1,1
DA:2,1
DA:3,1
DA:4,1
DA:5,1
DA:6,1
DA:7,1
DA:8,1
DA:9,1
DA:10,1
DA:11,1
DA:12,1
DA:13,1
DA:14,1
DA:15,1
DA:16,1
DA:17,1
DA:18,61
DA:19,3
DA:20,3
DA:21,1
DA:22,1
DA:23,1
DA:24,1
DA:25,1
DA:26,1
DA:27,1
DA:28,1
DA:29,54
DA:30,1
DA:31,54
DA:32,0
DA:33,53
DA:34,0
DA:35,0
DA:36,54
DA:37,1
DA:38,1
DA:39,1
DA:40,1
DA:41,1
DA:42,1
DA:43,1
DA:44,1
DA:45,1
DA:46,1
DA:47,1
DA:48,51
DA:49,3
DA:50,3
DA:51,51
DA:52,1
DA:53,1
DA:54,1
DA:55,1
DA:56,1
DA:57,1
DA:58,1
DA:59,58
DA:60,0
DA:61,0
DA:62,58
DA:63,1
DA:64,1
DA:65,1
DA:66,1
LF:66
LH:61
BRDA:17,0,0,61
BRDA:18,1,0,3
BRDA:28,2,0,54
BRDA:29,3,0,1
BRDA:31,4,0,53
BRDA:31,5,0,0
BRDA:33,6,0,0
BRDA:47,7,0,51
BRDA:48,8,0,3
BRDA:58,9,0,58
BRDA:59,10,0,0
BRF:11
BRH:8
end_of_record
TN:
SF:src/models/transaction.ts
FNF:0
FNH:0
DA:1,1
DA:2,1
DA:3,1
DA:4,1
DA:5,1
DA:6,1
DA:7,1
DA:8,1
DA:9,1
DA:10,1
DA:11,1
DA:12,1
DA:13,1
DA:14,1
DA:15,1
DA:16,1
DA:17,1
DA:18,1
DA:19,1
DA:20,1
DA:21,1
DA:22,1
DA:23,1
DA:24,1
DA:25,1
DA:26,1
DA:27,1
DA:28,1
DA:29,1
DA:30,1
DA:31,1
DA:32,1
DA:33,1
DA:34,1
DA:35,1
DA:36,1
DA:37,1
DA:38,1
DA:39,1
DA:40,1
DA:41,1
DA:42,1
DA:43,1
DA:44,1
DA:45,1
DA:46,1
DA:47,1
DA:48,1
DA:49,1
DA:50,1
DA:51,1
DA:52,1
DA:53,1
DA:54,1
DA:55,1
DA:56,1
DA:57,1
DA:58,1
DA:59,1
DA:60,1
DA:61,1
DA:62,1
DA:63,1
DA:64,1
DA:65,1
DA:66,1
DA:67,1
DA:68,1
DA:69,1
DA:70,1
DA:71,1
DA:72,1
DA:73,1
DA:74,1
DA:75,1
DA:76,1
DA:77,1
DA:78,1
DA:79,1
DA:80,1
DA:81,1
DA:82,1
DA:83,1
DA:84,1
DA:85,1
DA:86,1
DA:87,1
DA:88,1
DA:89,1
DA:90,1
DA:91,1
DA:92,1
DA:93,1
LF:93
LH:93
BRDA:21,0,0,0
BRF:1
BRH:0
end_of_record
TN:
SF:src/routers/customers.ts
FNF:0
FNH:0
DA:1,1
DA:2,1
DA:3,1
DA:4,1
DA:5,1
DA:6,1
DA:7,1
DA:8,1
DA:9,1
DA:10,1
DA:11,1
DA:12,1
DA:13,1
DA:14,10
DA:15,10
DA:16,10
DA:17,2
DA:18,10
DA:19,8
DA:20,8
DA:21,1
DA:22,1
DA:23,1
DA:24,1
DA:25,1
DA:26,1
DA:27,1
DA:28,1
DA:29,1
DA:30,4
DA:31,4
DA:32,4
DA:33,4
DA:34,4
DA:35,1
DA:36,1
DA:37,3
DA:38,4
DA:39,0
DA:40,0
DA:41,1
DA:42,1
DA:43,1
DA:44,1
DA:45,1
DA:46,1
DA:47,1
DA:48,1
DA:49,1
DA:50,4
DA:51,4
DA:52,4
DA:53,4
DA:54,4
DA:55,1
DA:56,1
DA:57,2
DA:58,4
DA:59,1
DA:60,1
DA:61,1
DA:62,1
DA:63,1
DA:64,1
DA:65,1
DA:66,1
DA:67,1
DA:68,1
DA:69,1
DA:70,8
DA:71,0
DA:72,0
DA:73,8
DA:74,8
DA:75,8
DA:76,8
DA:77,8
DA:78,8
DA:79,6
DA:80,6
DA:81,6
DA:82,8
DA:83,1
DA:84,1
DA:85,1
DA:86,8
DA:87,4
DA:88,4
DA:89,1
DA:90,1
DA:91,1
DA:92,1
DA:93,1
DA:94,1
DA:95,1
DA:96,1
DA:97,1
DA:98,9
DA:99,9
DA:100,9
DA:101,9
DA:102,6
DA:103,6
DA:104,6
DA:105,6
DA:106,6
DA:107,9
DA:108,1
DA:109,1
DA:110,1
DA:111,9
DA:112,4
DA:113,4
DA:114,1
DA:115,1
DA:116,1
DA:117,1
DA:118,1
DA:119,1
DA:120,1
DA:121,1
DA:122,1
DA:123,4
DA:124,4
DA:125,4
DA:126,4
DA:127,4
DA:128,1
DA:129,1
DA:130,2
DA:131,4
DA:132,1
DA:133,1
DA:134,1
DA:135,1
DA:136,1
DA:137,1
DA:138,1
DA:139,1
DA:140,1
DA:141,1
DA:142,1
DA:143,1
DA:144,3
DA:145,3
DA:146,3
DA:147,3
DA:148,3
DA:149,1
DA:150,1
DA:151,2
DA:152,3
DA:153,0
DA:154,0
DA:155,1
LF:155
LH:149
BRDA:13,0,0,10
BRDA:17,1,0,2
BRDA:18,2,0,8
BRDA:29,3,0,4
BRDA:30,4,0,3
BRDA:30,5,0,1
BRDA:34,6,0,1
BRDA:37,7,0,3
BRDA:38,8,0,0
BRDA:49,9,0,4
BRDA:54,10,0,3
BRDA:54,11,0,1
BRDA:57,12,0,2
BRDA:58,13,0,1
BRDA:69,14,0,8
BRDA:70,15,0,0
BRDA:78,16,0,2
BRDA:79,17,0,6
BRDA:82,18,0,2
BRDA:82,19,0,1
BRDA:86,20,0,4
BRDA:77,21,0,14
BRDA:97,22,0,9
BRDA:101,23,0,3
BRDA:102,24,0,6
BRDA:107,25,0,2
BRDA:107,26,0,1
BRDA:111,27,0,4
BRDA:100,28,0,15
BRDA:122,29,0,4
BRDA:127,30,0,3
BRDA:127,31,0,1
BRDA:130,32,0,2
BRDA:131,33,0,1
BRDA:143,34,0,3
BRDA:144,35,0,2
BRDA:144,36,0,1
BRDA:148,37,0,1
BRDA:151,38,0,2
BRDA:152,39,0,0
BRF:40
BRH:37
end_of_record
TN:
SF:src/routers/default.ts
FNF:0
FNH:0
DA:1,1
DA:2,1
DA:3,1
DA:4,1
DA:5,1
DA:6,0
DA:7,1
LF:7
LH:6
BRF:0
BRH:0
end_of_record
TN:
SF:src/routers/furnitures.ts
FNF:0
FNH:0
DA:1,1
DA:2,1
DA:3,1
DA:4,1
DA:5,1
DA:6,1
DA:7,1
DA:8,1
DA:9,1
DA:10,1
DA:11,1
DA:12,1
DA:13,1
DA:14,6
DA:15,6
DA:16,6
DA:17,2
DA:18,6
DA:19,4
DA:20,4
DA:21,1
DA:22,1
DA:23,1
DA:24,1
DA:25,1
DA:26,1
DA:27,1
DA:28,1
DA:29,1
DA:30,3
DA:31,3
DA:32,3
DA:33,3
DA:34,3
DA:35,3
DA:36,3
DA:37,3
DA:38,3
DA:39,1
DA:40,1
DA:41,2
DA:42,3
DA:43,0
DA:44,0
DA:45,1
DA:46,1
DA:47,1
DA:48,1
DA:49,1
DA:50,1
DA:51,1
DA:52,1
DA:53,1
DA:54,3
DA:55,3
DA:56,3
DA:57,3
DA:58,3
DA:59,1
DA:60,1
DA:61,1
DA:62,1
DA:63,1
DA:64,1
DA:65,1
DA:66,1
DA:67,1
DA:68,1
DA:69,1
DA:70,1
DA:71,1
DA:72,1
DA:73,1
DA:74,8
DA:75,1
DA:76,1
DA:77,7
DA:78,8
DA:79,8
DA:80,8
DA:81,8
DA:82,8
DA:83,8
DA:84,8
DA:85,8
DA:86,8
DA:87,6
DA:88,6
DA:89,6
DA:90,8
DA:91,3
DA:92,3
DA:93,2
DA:94,8
DA:95,1
DA:96,1
DA:97,1
DA:98,1
DA:99,1
DA:100,1
DA:101,1
DA:102,1
DA:103,1
DA:104,1
DA:105,1
DA:106,4
DA:107,4
DA:108,4
DA:109,4
DA:110,4
DA:111,4
DA:112,3
DA:113,3
DA:114,3
DA:115,4
DA:116,1
DA:117,1
DA:118,1
DA:119,1
DA:120,1
DA:121,1
DA:122,1
DA:123,1
DA:124,1
DA:125,1
DA:126,1
DA:127,1
DA:128,1
DA:129,1
DA:130,1
DA:131,2
DA:132,2
DA:133,2
DA:134,2
DA:135,2
DA:136,2
DA:137,2
DA:138,2
DA:139,2
DA:140,1
DA:141,1
DA:142,1
DA:143,2
DA:144,0
DA:145,0
DA:146,1
DA:147,1
DA:148,1
DA:149,1
DA:150,1
DA:151,1
DA:152,1
DA:153,1
DA:154,1
DA:155,3
DA:156,3
DA:157,3
DA:158,3
DA:159,3
DA:160,1
DA:161,1
DA:162,2
DA:163,3
DA:164,0
DA:165,0
DA:166,1
LF:166
LH:160
BRDA:13,0,0,6
BRDA:17,1,0,2
BRDA:18,2,0,4
BRDA:29,3,0,3
BRDA:31,4,0,2
BRDA:31,5,0,1
BRDA:32,6,0,0
BRDA:33,7,0,0
BRDA:38,8,0,1
BRDA:41,9,0,2
BRDA:42,10,0,0
BRDA:53,11,0,3
BRDA:58,12,0,2
BRDA:58,13,0,1
BRDA:73,14,0,8
BRDA:74,15,0,3
BRDA:74,16,0,2
BRDA:74,17,0,1
BRDA:77,18,0,7
BRDA:78,19,0,5
BRDA:78,20,0,2
BRDA:79,21,0,2
BRDA:79,22,0,5
BRDA:80,23,0,2
BRDA:80,24,0,5
BRDA:86,25,0,1
BRDA:87,26,0,6
BRDA:90,27,0,5
BRDA:90,28,0,3
BRDA:93,29,0,2
BRDA:94,30,0,1
BRDA:85,31,0,7
BRDA:105,32,0,4
BRDA:111,33,0,1
BRDA:112,34,0,3
BRDA:115,35,0,2
BRDA:115,36,0,1
BRDA:110,37,0,4
BRDA:130,38,0,2
BRDA:132,39,0,0
BRDA:133,40,0,0
BRDA:134,41,0,0
BRDA:139,42,0,1
BRDA:143,43,0,0
BRDA:154,44,0,3
BRDA:159,45,0,1
BRDA:162,46,0,2
BRDA:163,47,0,0
BRF:48
BRH:40
end_of_record
TN:
SF:src/routers/providers.ts
FNF:0
FNH:0
DA:1,1
DA:2,1
DA:3,1
DA:4,1
DA:5,1
DA:6,1
DA:7,1
DA:8,1
DA:9,1
DA:10,1
DA:11,1
DA:12,1
DA:13,1
DA:14,10
DA:15,10
DA:16,10
DA:17,2
DA:18,10
DA:19,8
DA:20,8
DA:21,1
DA:22,1
DA:23,1
DA:24,1
DA:25,1
DA:26,1
DA:27,1
DA:28,1
DA:29,1
DA:30,3
DA:31,3
DA:32,3
DA:33,3
DA:34,3
DA:35,1
DA:36,1
DA:37,2
DA:38,3
DA:39,0
DA:40,0
DA:41,1
DA:42,1
DA:43,1
DA:44,1
DA:45,1
DA:46,1
DA:47,1
DA:48,1
DA:49,1
DA:50,3
DA:51,3
DA:52,3
DA:53,3
DA:54,3
DA:55,1
DA:56,1
DA:57,1
DA:58,1
DA:59,1
DA:60,1
DA:61,1
DA:62,1
DA:63,1
DA:64,1
DA:65,1
DA:66,1
DA:67,1
DA:68,1
DA:69,1
DA:70,8
DA:71,0
DA:72,0
DA:73,8
DA:74,8
DA:75,8
DA:76,8
DA:77,8
DA:78,6
DA:79,6
DA:80,6
DA:81,8
DA:82,1
DA:83,1
DA:84,1
DA:85,8
DA:86,4
DA:87,4
DA:88,1
DA:89,1
DA:90,1
DA:91,1
DA:92,1
DA:93,1
DA:94,1
DA:95,1
DA:96,1
DA:97,9
DA:98,9
DA:99,9
DA:100,9
DA:101,6
DA:102,6
DA:103,6
DA:104,6
DA:105,6
DA:106,9
DA:107,1
DA:108,1
DA:109,1
DA:110,9
DA:111,4
DA:112,4
DA:113,1
DA:114,1
DA:115,1
DA:116,1
DA:117,1
DA:118,1
DA:119,1
DA:120,1
DA:121,1
DA:122,4
DA:123,4
DA:124,4
DA:125,4
DA:126,4
DA:127,1
DA:128,1
DA:129,2
DA:130,4
DA:131,1
DA:132,1
DA:133,1
DA:134,1
DA:135,1
DA:136,1
DA:137,1
DA:138,1
DA:139,1
DA:140,1
DA:141,1
DA:142,3
DA:143,3
DA:144,3
DA:145,3
DA:146,3
DA:147,1
DA:148,1
DA:149,2
DA:150,3
DA:151,0
DA:152,0
DA:153,1
LF:153
LH:147
BRDA:13,0,0,10
BRDA:17,1,0,2
BRDA:18,2,0,8
BRDA:29,3,0,3
BRDA:30,4,0,2
BRDA:30,5,0,1
BRDA:34,6,0,1
BRDA:37,7,0,2
BRDA:38,8,0,0
BRDA:49,9,0,3
BRDA:54,10,0,2
BRDA:54,11,0,1
BRDA:69,12,0,8
BRDA:70,13,0,0
BRDA:77,14,0,2
BRDA:78,15,0,6
BRDA:81,16,0,2
BRDA:81,17,0,1
BRDA:85,18,0,4
BRDA:76,19,0,8
BRDA:96,20,0,9
BRDA:100,21,0,3
BRDA:101,22,0,6
BRDA:106,23,0,2
BRDA:106,24,0,1
BRDA:110,25,0,4
BRDA:99,26,0,15
BRDA:121,27,0,4
BRDA:126,28,0,3
BRDA:126,29,0,1
BRDA:129,30,0,2
BRDA:130,31,0,1
BRDA:141,32,0,3
BRDA:142,33,0,2
BRDA:142,34,0,1
BRDA:146,35,0,1
BRDA:149,36,0,2
BRDA:150,37,0,0
BRF:38
BRH:35
end_of_record
TN:
SF:src/routers/transactions.ts
FNF:0
FNH:0
DA:1,1
DA:2,1
DA:3,1
DA:4,1
DA:5,1
DA:6,1
DA:7,1
DA:8,1
DA:9,1
DA:10,1
DA:11,1
DA:12,1
DA:13,1
DA:14,1
DA:15,1
DA:16,1
DA:17,16
DA:18,16
DA:19,16
DA:20,16
DA:21,16
DA:22,16
DA:23,16
DA:24,7
DA:25,7
DA:26,7
DA:27,6
DA:28,6
DA:29,7
DA:30,1
DA:31,1
DA:32,16
DA:33,0
DA:34,0
DA:35,16
DA:36,2
DA:37,16
DA:38,2
DA:39,2
DA:40,16
DA:41,4
DA:42,4
DA:43,7
DA:44,7
DA:45,7
DA:46,7
DA:47,16
DA:48,9
DA:49,9
DA:50,9
DA:51,9
DA:52,9
DA:53,1
DA:54,1
DA:55,1
DA:56,1
DA:57,1
DA:58,1
DA:59,1
DA:60,1
DA:61,1
DA:62,1
DA:63,1
DA:64,9
DA:65,1
DA:66,8
DA:67,7
DA:68,3
DA:69,7
DA:70,4
DA:71,0
DA:72,0
DA:73,4
DA:74,4
DA:75,7
DA:76,7
DA:77,7
DA:78,9
DA:79,0
DA:80,0
DA:81,9
DA:82,6
DA:83,6
DA:84,6
DA:85,6
DA:86,6
DA:87,6
DA:88,6
DA:89,6
DA:90,6
DA:91,6
DA:92,6
DA:93,6
DA:94,5
DA:95,16
DA:96,1
DA:97,1
DA:98,1
DA:99,1
DA:100,1
DA:101,1
DA:102,1
DA:103,1
DA:104,1
DA:105,1
DA:106,1
DA:107,1
DA:108,7
DA:109,7
DA:110,7
DA:111,7
DA:112,7
DA:113,7
DA:114,7
DA:115,7
DA:116,7
DA:117,3
DA:118,3
DA:119,3
DA:120,3
DA:121,3
DA:122,3
DA:123,3
DA:124,3
DA:125,7
DA:126,7
DA:127,2
DA:128,2
DA:129,7
DA:130,7
DA:131,7
DA:132,7
DA:133,7
DA:134,7
DA:135,7
DA:136,7
DA:137,6
DA:138,7
DA:139,1
DA:140,1
DA:141,1
DA:142,1
DA:143,1
DA:144,1
DA:145,1
DA:146,1
DA:147,1
DA:148,1
DA:149,1
DA:150,0
DA:151,0
DA:152,0
DA:153,0
DA:154,0
DA:155,0
DA:156,0
DA:157,0
DA:158,0
DA:159,0
DA:160,0
DA:161,1
DA:162,1
DA:163,1
DA:164,1
DA:165,1
DA:166,1
DA:167,1
DA:168,1
DA:169,1
DA:170,2
DA:171,2
DA:172,2
DA:173,2
DA:174,2
DA:175,2
DA:176,1
DA:177,1
DA:178,1
DA:179,1
DA:180,1
DA:181,1
DA:182,1
DA:183,0
DA:184,0
DA:185,0
DA:186,2
DA:187,1
DA:188,1
DA:189,0
DA:190,0
DA:191,0
DA:192,0
DA:193,0
DA:194,0
DA:195,0
DA:196,0
DA:197,0
DA:198,0
DA:199,0
DA:200,0
DA:201,0
DA:202,0
DA:203,0
DA:204,0
DA:205,0
DA:206,0
DA:207,0
DA:208,0
DA:209,0
DA:210,0
DA:211,0
DA:212,0
DA:213,0
DA:214,0
DA:215,0
DA:216,0
DA:217,0
DA:218,0
DA:219,0
DA:220,0
DA:221,0
DA:222,1
DA:223,1
DA:224,1
DA:225,1
DA:226,1
DA:227,1
DA:228,1
DA:229,1
DA:230,1
DA:231,2
DA:232,2
DA:233,2
DA:234,2
DA:235,2
DA:236,0
DA:237,0
DA:238,1
DA:239,1
DA:240,1
DA:241,1
DA:242,1
LF:242
LH:187
BRDA:16,0,0,16
BRDA:23,1,0,7
BRDA:26,2,0,6
BRDA:26,3,0,6
BRDA:29,4,0,5
BRDA:29,5,0,1
BRDA:32,6,0,11
BRDA:32,7,0,0
BRDA:35,8,0,11
BRDA:35,9,0,6
BRDA:35,10,0,5
BRDA:35,11,0,2
BRDA:37,12,0,9
BRDA:37,13,0,5
BRDA:37,14,0,4
BRDA:37,15,0,2
BRDA:40,16,0,4
BRDA:43,17,0,7
BRDA:47,18,0,9
BRDA:52,19,0,2
BRDA:52,20,0,1
BRDA:52,21,0,1
BRDA:64,22,0,8
BRDA:64,23,0,1
BRDA:66,24,0,7
BRDA:67,25,0,5
BRDA:67,26,0,3
BRDA:69,27,0,4
BRDA:70,28,0,0
BRDA:78,29,0,0
BRDA:82,30,0,6
BRDA:94,31,0,5
BRDA:95,32,0,1
BRDA:107,33,0,7
BRDA:116,34,0,3
BRDA:116,35,0,3
BRDA:126,36,0,2
BRDA:130,37,0,1
BRDA:130,38,0,6
BRDA:131,39,0,2
BRDA:131,40,0,4
BRDA:137,41,0,6
BRDA:138,42,0,1
BRDA:169,43,0,2
BRDA:175,44,0,1
BRDA:183,45,0,0
BRDA:186,46,0,1
BRDA:189,47,0,0
BRDA:174,48,0,2
BRDA:230,49,0,2
BRDA:235,50,0,1
BRDA:235,51,0,0
BRDA:238,52,0,1
BRF:53
BRH:47
end_of_record
